[debug] [2020-04-18T19:52:54.056Z] ----------------------------------------------------------------------
[debug] [2020-04-18T19:52:54.058Z] Command:       /usr/local/bin/node /usr/local/bin/firebase deploy
[debug] [2020-04-18T19:52:54.058Z] CLI Version:   8.1.1
[debug] [2020-04-18T19:52:54.058Z] Platform:      linux
[debug] [2020-04-18T19:52:54.059Z] Node Version:  v12.16.2
[debug] [2020-04-18T19:52:54.059Z] Time:          Sun Apr 19 2020 01:22:54 GMT+0530 (India Standard Time)
[debug] [2020-04-18T19:52:54.059Z] ----------------------------------------------------------------------
[debug] [2020-04-18T19:52:54.059Z] 
[debug] [2020-04-18T19:52:54.066Z] > command requires scopes: ["email","openid","https://www.googleapis.com/auth/cloudplatformprojects.readonly","https://www.googleapis.com/auth/firebase","https://www.googleapis.com/auth/cloud-platform"]
[debug] [2020-04-18T19:52:54.066Z] > authorizing via signed-in user
[debug] [2020-04-18T19:52:54.066Z] [iam] checking project shopping-cart-74fe6 for permissions ["firebase.projects.get","firebasedatabase.instances.update"]
[debug] [2020-04-18T19:52:54.069Z] >>> HTTP REQUEST POST https://cloudresourcemanager.googleapis.com/v1/projects/shopping-cart-74fe6:testIamPermissions  
 {"permissions":["firebase.projects.get","firebasedatabase.instances.update"]}
[debug] [2020-04-18T19:52:55.487Z] <<< HTTP RESPONSE 200 {"content-type":"application/json; charset=UTF-8","vary":"X-Origin, Referer, Origin,Accept-Encoding","date":"Sat, 18 Apr 2020 19:52:55 GMT","server":"ESF","cache-control":"private","x-xss-protection":"0","x-frame-options":"SAMEORIGIN","x-content-type-options":"nosniff","server-timing":"gfet4t7; dur=1320","alt-svc":"quic=\":443\"; ma=2592000; v=\"46,43\",h3-Q050=\":443\"; ma=2592000,h3-Q049=\":443\"; ma=2592000,h3-Q048=\":443\"; ma=2592000,h3-Q046=\":443\"; ma=2592000,h3-Q043=\":443\"; ma=2592000,h3-T050=\":443\"; ma=2592000","accept-ranges":"none","transfer-encoding":"chunked"}
[debug] [2020-04-18T19:52:55.491Z] >>> HTTP REQUEST GET https://firebase.googleapis.com/v1beta1/projects/shopping-cart-74fe6  
 
[debug] [2020-04-18T19:52:55.931Z] <<< HTTP RESPONSE 200 {"content-type":"application/json; charset=UTF-8","vary":"X-Origin, Referer, Origin,Accept-Encoding","date":"Sat, 18 Apr 2020 19:52:55 GMT","server":"ESF","cache-control":"private","x-xss-protection":"0","x-frame-options":"SAMEORIGIN","x-content-type-options":"nosniff","alt-svc":"quic=\":443\"; ma=2592000; v=\"46,43\",h3-Q050=\":443\"; ma=2592000,h3-Q049=\":443\"; ma=2592000,h3-Q048=\":443\"; ma=2592000,h3-Q046=\":443\"; ma=2592000,h3-Q043=\":443\"; ma=2592000,h3-T050=\":443\"; ma=2592000","accept-ranges":"none","transfer-encoding":"chunked"}
[info] 
[info] === Deploying to 'shopping-cart-74fe6'...
[info] 
[info] i  deploying database
[info] i  database: checking rules syntax...
[debug] [2020-04-18T19:52:55.938Z] >>> HTTP REQUEST PUT https://shopping-cart-74fe6.firebaseio.com/.settings/rules.json?dryRun=true  
 {
  "rules": {
    ".read": "auth != null",
    ".write": "auth != null"
  }
}
[debug] [2020-04-18T19:52:57.159Z] <<< HTTP RESPONSE 404 {"server":"nginx","date":"Sat, 18 Apr 2020 19:52:57 GMT","content-type":"application/json; charset=utf-8","content-length":"101","connection":"keep-alive","access-control-allow-origin":"*","cache-control":"no-cache","strict-transport-security":"max-age=31556926; includeSubDomains; preload"}
[debug] [2020-04-18T19:52:57.160Z] <<< HTTP RESPONSE BODY {
  "error" : "Firebase error. Please ensure that you spelled the name of your Firebase correctly"
}

[error] 
[error] Error: Unexpected error while deploying database rules.
[debug] [2020-04-18T19:53:08.493Z] ----------------------------------------------------------------------
[debug] [2020-04-18T19:53:08.495Z] Command:       /usr/local/bin/node /usr/local/bin/firebase deploy
[debug] [2020-04-18T19:53:08.496Z] CLI Version:   8.1.1
[debug] [2020-04-18T19:53:08.496Z] Platform:      linux
[debug] [2020-04-18T19:53:08.496Z] Node Version:  v12.16.2
[debug] [2020-04-18T19:53:08.497Z] Time:          Sun Apr 19 2020 01:23:08 GMT+0530 (India Standard Time)
[debug] [2020-04-18T19:53:08.497Z] ----------------------------------------------------------------------
[debug] [2020-04-18T19:53:08.497Z] 
[debug] [2020-04-18T19:53:08.507Z] > command requires scopes: ["email","openid","https://www.googleapis.com/auth/cloudplatformprojects.readonly","https://www.googleapis.com/auth/firebase","https://www.googleapis.com/auth/cloud-platform"]
[debug] [2020-04-18T19:53:08.508Z] > authorizing via signed-in user
[debug] [2020-04-18T19:53:08.508Z] [iam] checking project shopping-cart-74fe6 for permissions ["firebase.projects.get","firebasedatabase.instances.update"]
[debug] [2020-04-18T19:53:08.512Z] >>> HTTP REQUEST POST https://cloudresourcemanager.googleapis.com/v1/projects/shopping-cart-74fe6:testIamPermissions  
 {"permissions":["firebase.projects.get","firebasedatabase.instances.update"]}
[debug] [2020-04-18T19:53:09.932Z] <<< HTTP RESPONSE 200 {"content-type":"application/json; charset=UTF-8","vary":"X-Origin, Referer, Origin,Accept-Encoding","date":"Sat, 18 Apr 2020 19:53:09 GMT","server":"ESF","cache-control":"private","x-xss-protection":"0","x-frame-options":"SAMEORIGIN","x-content-type-options":"nosniff","server-timing":"gfet4t7; dur=1318","alt-svc":"quic=\":443\"; ma=2592000; v=\"46,43\",h3-Q050=\":443\"; ma=2592000,h3-Q049=\":443\"; ma=2592000,h3-Q048=\":443\"; ma=2592000,h3-Q046=\":443\"; ma=2592000,h3-Q043=\":443\"; ma=2592000,h3-T050=\":443\"; ma=2592000","accept-ranges":"none","transfer-encoding":"chunked"}
[debug] [2020-04-18T19:53:09.937Z] >>> HTTP REQUEST GET https://firebase.googleapis.com/v1beta1/projects/shopping-cart-74fe6  
 
[debug] [2020-04-18T19:53:10.189Z] <<< HTTP RESPONSE 200 {"content-type":"application/json; charset=UTF-8","vary":"X-Origin, Referer, Origin,Accept-Encoding","date":"Sat, 18 Apr 2020 19:53:10 GMT","server":"ESF","cache-control":"private","x-xss-protection":"0","x-frame-options":"SAMEORIGIN","x-content-type-options":"nosniff","alt-svc":"quic=\":443\"; ma=2592000; v=\"46,43\",h3-Q050=\":443\"; ma=2592000,h3-Q049=\":443\"; ma=2592000,h3-Q048=\":443\"; ma=2592000,h3-Q046=\":443\"; ma=2592000,h3-Q043=\":443\"; ma=2592000,h3-T050=\":443\"; ma=2592000","accept-ranges":"none","transfer-encoding":"chunked"}
[info] 
[info] === Deploying to 'shopping-cart-74fe6'...
[info] 
[info] i  deploying database
[info] i  database: checking rules syntax...
[debug] [2020-04-18T19:53:10.200Z] >>> HTTP REQUEST PUT https://shopping-cart-74fe6.firebaseio.com/.settings/rules.json?dryRun=true  
 {
  "rules": {
    ".read": "auth != null",
    ".write": "auth != null"
  }
}
[debug] [2020-04-18T19:53:11.442Z] <<< HTTP RESPONSE 404 {"server":"nginx","date":"Sat, 18 Apr 2020 19:53:11 GMT","content-type":"application/json; charset=utf-8","content-length":"101","connection":"keep-alive","access-control-allow-origin":"*","cache-control":"no-cache","strict-transport-security":"max-age=31556926; includeSubDomains; preload"}
[debug] [2020-04-18T19:53:11.443Z] <<< HTTP RESPONSE BODY {
  "error" : "Firebase error. Please ensure that you spelled the name of your Firebase correctly"
}

[error] 
[error] Error: Unexpected error while deploying database rules.
[debug] [2020-04-18T19:54:57.298Z] ----------------------------------------------------------------------
[debug] [2020-04-18T19:54:57.301Z] Command:       /usr/local/bin/node /usr/local/bin/firebase deploy
[debug] [2020-04-18T19:54:57.302Z] CLI Version:   8.1.1
[debug] [2020-04-18T19:54:57.302Z] Platform:      linux
[debug] [2020-04-18T19:54:57.302Z] Node Version:  v12.16.2
[debug] [2020-04-18T19:54:57.302Z] Time:          Sun Apr 19 2020 01:24:57 GMT+0530 (India Standard Time)
[debug] [2020-04-18T19:54:57.303Z] ----------------------------------------------------------------------
[debug] [2020-04-18T19:54:57.303Z] 
[debug] [2020-04-18T19:54:57.309Z] > command requires scopes: ["email","openid","https://www.googleapis.com/auth/cloudplatformprojects.readonly","https://www.googleapis.com/auth/firebase","https://www.googleapis.com/auth/cloud-platform"]
[debug] [2020-04-18T19:54:57.310Z] > authorizing via signed-in user
[debug] [2020-04-18T19:54:57.310Z] [iam] checking project shopping-cart-74fe6 for permissions ["firebase.projects.get","firebasedatabase.instances.update"]
[debug] [2020-04-18T19:54:57.313Z] >>> HTTP REQUEST POST https://cloudresourcemanager.googleapis.com/v1/projects/shopping-cart-74fe6:testIamPermissions  
 {"permissions":["firebase.projects.get","firebasedatabase.instances.update"]}
[debug] [2020-04-18T19:54:58.747Z] <<< HTTP RESPONSE 200 {"content-type":"application/json; charset=UTF-8","vary":"X-Origin, Referer, Origin,Accept-Encoding","date":"Sat, 18 Apr 2020 19:54:58 GMT","server":"ESF","cache-control":"private","x-xss-protection":"0","x-frame-options":"SAMEORIGIN","x-content-type-options":"nosniff","server-timing":"gfet4t7; dur=1344","alt-svc":"quic=\":443\"; ma=2592000; v=\"46,43\",h3-Q050=\":443\"; ma=2592000,h3-Q049=\":443\"; ma=2592000,h3-Q048=\":443\"; ma=2592000,h3-Q046=\":443\"; ma=2592000,h3-Q043=\":443\"; ma=2592000,h3-T050=\":443\"; ma=2592000","accept-ranges":"none","transfer-encoding":"chunked"}
[debug] [2020-04-18T19:54:58.749Z] >>> HTTP REQUEST GET https://firebase.googleapis.com/v1beta1/projects/shopping-cart-74fe6  
 
[debug] [2020-04-18T19:54:59.094Z] <<< HTTP RESPONSE 200 {"content-type":"application/json; charset=UTF-8","vary":"X-Origin, Referer, Origin,Accept-Encoding","date":"Sat, 18 Apr 2020 19:54:59 GMT","server":"ESF","cache-control":"private","x-xss-protection":"0","x-frame-options":"SAMEORIGIN","x-content-type-options":"nosniff","alt-svc":"quic=\":443\"; ma=2592000; v=\"46,43\",h3-Q050=\":443\"; ma=2592000,h3-Q049=\":443\"; ma=2592000,h3-Q048=\":443\"; ma=2592000,h3-Q046=\":443\"; ma=2592000,h3-Q043=\":443\"; ma=2592000,h3-T050=\":443\"; ma=2592000","accept-ranges":"none","transfer-encoding":"chunked"}
[info] 
[info] === Deploying to 'shopping-cart-74fe6'...
[info] 
[info] i  deploying database
[info] i  database: checking rules syntax...
[debug] [2020-04-18T19:54:59.099Z] >>> HTTP REQUEST PUT https://shopping-cart-74fe6.firebaseio.com/.settings/rules.json?dryRun=true  
 {
  "rules": {
    ".read": "auth != null",
    ".write": "auth != null"
  }
}
[debug] [2020-04-18T19:55:00.311Z] <<< HTTP RESPONSE 404 {"server":"nginx","date":"Sat, 18 Apr 2020 19:55:00 GMT","content-type":"application/json; charset=utf-8","content-length":"101","connection":"keep-alive","access-control-allow-origin":"*","cache-control":"no-cache","strict-transport-security":"max-age=31556926; includeSubDomains; preload"}
[debug] [2020-04-18T19:55:00.312Z] <<< HTTP RESPONSE BODY {
  "error" : "Firebase error. Please ensure that you spelled the name of your Firebase correctly"
}

[error] 
[error] Error: Unexpected error while deploying database rules.
